2023-01-29T07:29:08.982-07:00  INFO 23588 --- [restartedMain] com.rest1.product.ReStProj1Application   : Starting ReStProj1Application using Java 17.0.4.1 with PID 23588 (D:\SpringBoot from Raghu\ReSTProj1\ReST1\ReSTProj1\target\classes started by Vivek in D:\SpringBoot from Raghu\ReSTProj1\ReST1\ReSTProj1)
2023-01-29T07:29:08.984-07:00  INFO 23588 --- [restartedMain] com.rest1.product.ReStProj1Application   : No active profile set, falling back to 1 default profile: "default"
2023-01-29T07:29:09.022-07:00  INFO 23588 --- [restartedMain] .e.DevToolsPropertyDefaultsPostProcessor : Devtools property defaults active! Set 'spring.devtools.add-properties' to 'false' to disable
2023-01-29T07:29:09.022-07:00  INFO 23588 --- [restartedMain] .e.DevToolsPropertyDefaultsPostProcessor : For additional web related logging consider setting the 'logging.level.web' property to 'DEBUG'
2023-01-29T07:29:09.473-07:00  INFO 23588 --- [restartedMain] .s.d.r.c.RepositoryConfigurationDelegate : Bootstrapping Spring Data JPA repositories in DEFAULT mode.
2023-01-29T07:29:09.521-07:00  INFO 23588 --- [restartedMain] .s.d.r.c.RepositoryConfigurationDelegate : Finished Spring Data repository scanning in 41 ms. Found 1 JPA repository interfaces.
2023-01-29T07:29:09.933-07:00  INFO 23588 --- [restartedMain] o.s.b.w.embedded.tomcat.TomcatWebServer  : Tomcat initialized with port(s): 9999 (http)
2023-01-29T07:29:09.940-07:00  INFO 23588 --- [restartedMain] o.apache.catalina.core.StandardService   : Starting service [Tomcat]
2023-01-29T07:29:09.941-07:00  INFO 23588 --- [restartedMain] o.apache.catalina.core.StandardEngine    : Starting Servlet engine: [Apache Tomcat/10.1.4]
2023-01-29T07:29:09.995-07:00  INFO 23588 --- [restartedMain] o.a.c.c.C.[Tomcat].[localhost].[/]       : Initializing Spring embedded WebApplicationContext
2023-01-29T07:29:09.996-07:00  INFO 23588 --- [restartedMain] w.s.c.ServletWebServerApplicationContext : Root WebApplicationContext: initialization completed in 973 ms
2023-01-29T07:29:10.107-07:00  INFO 23588 --- [restartedMain] o.hibernate.jpa.internal.util.LogHelper  : HHH000204: Processing PersistenceUnitInfo [name: default]
2023-01-29T07:29:10.144-07:00  INFO 23588 --- [restartedMain] org.hibernate.Version                    : HHH000412: Hibernate ORM core version 6.1.6.Final
2023-01-29T07:29:10.272-07:00  WARN 23588 --- [restartedMain] org.hibernate.orm.deprecation            : HHH90000021: Encountered deprecated setting [javax.persistence.sharedCache.mode], use [jakarta.persistence.sharedCache.mode] instead
2023-01-29T07:29:10.358-07:00  INFO 23588 --- [restartedMain] com.zaxxer.hikari.HikariDataSource       : HikariPool-1 - Starting...
2023-01-29T07:29:10.616-07:00  INFO 23588 --- [restartedMain] com.zaxxer.hikari.pool.HikariPool        : HikariPool-1 - Added connection com.mysql.cj.jdbc.ConnectionImpl@2fc773b9
2023-01-29T07:29:10.618-07:00  INFO 23588 --- [restartedMain] com.zaxxer.hikari.HikariDataSource       : HikariPool-1 - Start completed.
2023-01-29T07:29:10.632-07:00  INFO 23588 --- [restartedMain] SQL dialect                              : HHH000400: Using dialect: org.hibernate.dialect.MySQL8Dialect
2023-01-29T07:29:10.632-07:00  WARN 23588 --- [restartedMain] org.hibernate.orm.deprecation            : HHH90000026: MySQL8Dialect has been deprecated; use org.hibernate.dialect.MySQLDialect instead
2023-01-29T07:29:11.205-07:00  INFO 23588 --- [restartedMain] o.h.e.t.j.p.i.JtaPlatformInitiator       : HHH000490: Using JtaPlatform implementation: [org.hibernate.engine.transaction.jta.platform.internal.NoJtaPlatform]
2023-01-29T07:29:11.215-07:00  INFO 23588 --- [restartedMain] j.LocalContainerEntityManagerFactoryBean : Initialized JPA EntityManagerFactory for persistence unit 'default'
2023-01-29T07:29:11.588-07:00  WARN 23588 --- [restartedMain] JpaBaseConfiguration$JpaWebConfiguration : spring.jpa.open-in-view is enabled by default. Therefore, database queries may be performed during view rendering. Explicitly configure spring.jpa.open-in-view to disable this warning
2023-01-29T07:29:11.803-07:00  INFO 23588 --- [restartedMain] o.s.b.d.a.OptionalLiveReloadServer       : LiveReload server is running on port 35729
2023-01-29T07:29:11.833-07:00  INFO 23588 --- [restartedMain] o.s.b.w.embedded.tomcat.TomcatWebServer  : Tomcat started on port(s): 9999 (http) with context path ''
2023-01-29T07:29:11.840-07:00  INFO 23588 --- [restartedMain] com.rest1.product.ReStProj1Application   : Started ReStProj1Application in 3.22 seconds (process running for 3.998)
2023-01-29T07:30:14.553-07:00  INFO 23588 --- [http-nio-9999-exec-1] o.a.c.c.C.[Tomcat].[localhost].[/]       : Initializing Spring DispatcherServlet 'dispatcherServlet'
2023-01-29T07:30:14.553-07:00  INFO 23588 --- [http-nio-9999-exec-1] o.s.web.servlet.DispatcherServlet        : Initializing Servlet 'dispatcherServlet'
2023-01-29T07:30:14.554-07:00  INFO 23588 --- [http-nio-9999-exec-1] o.s.web.servlet.DispatcherServlet        : Completed initialization in 1 ms
2023-01-29T07:30:14.577-07:00  INFO 23588 --- [http-nio-9999-exec-1] c.r.product.rest.ProductRestController   : Enter into getAllProducts Method
2023-01-29T07:30:14.653-07:00  INFO 23588 --- [http-nio-9999-exec-1] c.r.product.rest.ProductRestController   : Sucessfully fatch data
2023-01-29T07:30:14.653-07:00  INFO 23588 --- [http-nio-9999-exec-1] c.r.product.rest.ProductRestController   : Leaving getAllProducts Method
2023-01-29T10:49:13.567-07:00  WARN 23588 --- [HikariPool-1 housekeeper] com.zaxxer.hikari.pool.HikariPool        : HikariPool-1 - Thread starvation or clock leap detected (housekeeper delta=3h32s538ms689µs600ns).
2023-01-29T19:10:56.345-07:00  WARN 23588 --- [HikariPool-1 housekeeper] com.zaxxer.hikari.pool.HikariPool        : HikariPool-1 - Thread starvation or clock leap detected (housekeeper delta=8h22m632ms391µs200ns).
